#
# There is insufficient memory for the Java Runtime Environment to continue.
# Native memory allocation (malloc) failed to allocate 1048576 bytes. Error detail: AllocateHeap
# Possible reasons:
#   The system is out of physical RAM or swap space
#   This process is running with CompressedOops enabled, and the Java Heap may be blocking the growth of the native heap
# Possible solutions:
#   Reduce memory load on the system
#   Increase physical memory or swap space
#   Check if swap backing store is full
#   Decrease Java heap size (-Xmx/-Xms)
#   Decrease number of Java threads
#   Decrease Java thread stack sizes (-Xss)
#   Set larger code cache with -XX:ReservedCodeCacheSize=
#   JVM is running with Unscaled Compressed Oops mode in which the Java heap is
#     placed in the first 4GB address space. The Java Heap base address is the
#     maximum limit for the native heap growth. Please use -XX:HeapBaseMinAddress
#     to set the Java Heap base and to place the Java Heap above 4GB virtual address.
# This output file may be truncated or incomplete.
#
#  Out of Memory Error (allocation.cpp:44), pid=15136, tid=28500
#
# JRE version: OpenJDK Runtime Environment Temurin-17.0.12+7 (17.0.12+7) (build 17.0.12+7)
# Java VM: OpenJDK 64-Bit Server VM Temurin-17.0.12+7 (17.0.12+7, mixed mode, emulated-client, tiered, compressed oops, compressed class ptrs, g1 gc, windows-amd64)
# No core dump will be written. Minidumps are not enabled by default on client versions of Windows
#

---------------  S U M M A R Y ------------

Command Line: -Xmx1024m -Dsts.lsp.client=vscode -Dsts.log.file=/dev/null -XX:TieredStopAtLevel=1 -Xlog:jni+resolve=off c:\Users\usuario\.vscode-insiders\extensions\vmware.vscode-spring-boot-1.57.2024082000\language-server\spring-boot-language-server-1.57.0-SNAPSHOT-exec.jar

Host: AMD Ryzen 5 6600H with Radeon Graphics         , 12 cores, 7G,  Windows 11 , 64 bit Build 22621 (10.0.22621.3958)
Time: Wed Aug 21 11:10:41 2024 Hora est. Pacífico, Sudamérica elapsed time: 3737.735516 seconds (0d 1h 2m 17s)

---------------  T H R E A D  ---------------

Current thread (0x0000012f2c9850d0):  VMThread "VM Thread" [stack: 0x0000002ca9000000,0x0000002ca9100000] [id=28500]

Stack: [0x0000002ca9000000,0x0000002ca9100000]
Native frames: (J=compiled Java code, j=interpreted, Vv=VM code, C=native code)
V  [jvm.dll+0x67f929]
V  [jvm.dll+0x8371ba]
V  [jvm.dll+0x838c7e]
V  [jvm.dll+0x8392e3]
V  [jvm.dll+0x24834f]
V  [jvm.dll+0xa70d3]
V  [jvm.dll+0x2f9073]
V  [jvm.dll+0x2f4d00]
V  [jvm.dll+0x2dd82f]
V  [jvm.dll+0x3201f7]
V  [jvm.dll+0x83d7dd]
V  [jvm.dll+0x83e522]
V  [jvm.dll+0x83ea4f]
V  [jvm.dll+0x83ee34]
V  [jvm.dll+0x83ef00]
V  [jvm.dll+0x7e65dc]
V  [jvm.dll+0x67e7f7]
C  [ucrtbase.dll+0x29333]
C  [KERNEL32.DLL+0x1257d]
C  [ntdll.dll+0x5af28]

VM_Operation (0x0000002caaffeec0): G1CollectFull, mode: safepoint, requested by thread 0x0000012f322d26c0


---------------  P R O C E S S  ---------------

Threads class SMR info:
_java_thread_list=0x0000012f333e7860, length=38, elements={
0x0000012f2c99a380, 0x0000012f2c99b000, 0x0000012f2cb185b0, 0x0000012f2cb18f70,
0x0000012f2cb19930, 0x0000012f2cb1a2f0, 0x0000012f2cb1ad60, 0x0000012f2cb1bd70,
0x0000012f2cc4c440, 0x0000012f2cc4fbe0, 0x0000012f322d21b0, 0x0000012f322d26c0,
0x0000012f322d1790, 0x0000012f322cef10, 0x0000012f322d1280, 0x0000012f322cf930,
0x0000012f322cfe40, 0x0000012f322d0860, 0x0000012f322d0d70, 0x0000012f32d96100,
0x0000012f32d91000, 0x0000012f32d97030, 0x0000012f32d942a0, 0x0000012f32d90af0,
0x0000012f32d905e0, 0x0000012f32d97540, 0x0000012f32d96610, 0x0000012f32d93d90,
0x0000012f32d94cc0, 0x0000012f32d97a50, 0x0000012f32d92440, 0x0000012f32d92950,
0x0000012f32d92e60, 0x0000012f32d93370, 0x0000012f32d95bf0, 0x0000012f322d1ca0,
0x0000012f322d0350, 0x0000012f32d956e0
}

Java Threads: ( => current thread )
  0x0000012f2c99a380 JavaThread "Reference Handler" daemon [_thread_blocked, id=26000, stack(0x0000002ca9100000,0x0000002ca9200000)]
  0x0000012f2c99b000 JavaThread "Finalizer" daemon [_thread_blocked, id=25908, stack(0x0000002ca9200000,0x0000002ca9300000)]
  0x0000012f2cb185b0 JavaThread "Signal Dispatcher" daemon [_thread_blocked, id=13096, stack(0x0000002ca9300000,0x0000002ca9400000)]
  0x0000012f2cb18f70 JavaThread "Attach Listener" daemon [_thread_blocked, id=13244, stack(0x0000002ca9400000,0x0000002ca9500000)]
  0x0000012f2cb19930 JavaThread "Service Thread" daemon [_thread_blocked, id=25752, stack(0x0000002ca9500000,0x0000002ca9600000)]
  0x0000012f2cb1a2f0 JavaThread "Monitor Deflation Thread" daemon [_thread_blocked, id=17156, stack(0x0000002ca9600000,0x0000002ca9700000)]
  0x0000012f2cb1ad60 JavaThread "C1 CompilerThread0" daemon [_thread_blocked, id=8776, stack(0x0000002ca9700000,0x0000002ca9800000)]
  0x0000012f2cb1bd70 JavaThread "Sweeper thread" daemon [_thread_blocked, id=10700, stack(0x0000002ca9800000,0x0000002ca9900000)]
  0x0000012f2cc4c440 JavaThread "Notification Thread" daemon [_thread_blocked, id=16888, stack(0x0000002ca9a00000,0x0000002ca9b00000)]
  0x0000012f2cc4fbe0 JavaThread "Common-Cleaner" daemon [_thread_blocked, id=18700, stack(0x0000002ca9c00000,0x0000002ca9d00000)]
  0x0000012f322d21b0 JavaThread "boundedElastic-evictor-1" daemon [_thread_blocked, id=14052, stack(0x0000002caae00000,0x0000002caaf00000)]
  0x0000012f322d26c0 JavaThread "pool-13-thread-1" [_thread_blocked, id=20980, stack(0x0000002caaf00000,0x0000002cab000000)]
  0x0000012f322d1790 JavaThread "LanguageServerApp-lifecycle" [_thread_blocked, id=10624, stack(0x0000002cab000000,0x0000002cab100000)]
  0x0000012f322cef10 JavaThread "DestroyJavaVM" [_thread_blocked, id=14752, stack(0x0000002ca8a00000,0x0000002ca8b00000)]
  0x0000012f322d1280 JavaThread "pool-14-thread-1" [_thread_in_native, id=18156, stack(0x0000002cab100000,0x0000002cab200000)]
  0x0000012f322cf930 JavaThread "Simple-Language-Server main thread" daemon [_thread_blocked, id=25188, stack(0x0000002cab200000,0x0000002cab300000)]
  0x0000012f322cfe40 JavaThread "pool-8-thread-1" [_thread_blocked, id=2324, stack(0x0000002cab500000,0x0000002cab600000)]
  0x0000012f322d0860 JavaThread "parallel-1" daemon [_thread_blocked, id=1704, stack(0x0000002cab600000,0x0000002cab700000)]
  0x0000012f322d0d70 JavaThread "pool-6-thread-1" [_thread_blocked, id=22108, stack(0x0000002cab700000,0x0000002cab800000)]
  0x0000012f32d96100 JavaThread "parallel-2" daemon [_thread_blocked, id=13180, stack(0x0000002cab800000,0x0000002cab900000)]
  0x0000012f32d91000 JavaThread "parallel-3" daemon [_thread_blocked, id=22160, stack(0x0000002cab900000,0x0000002caba00000)]
  0x0000012f32d97030 JavaThread "parallel-4" daemon [_thread_blocked, id=12732, stack(0x0000002cabd00000,0x0000002cabe00000)]
  0x0000012f32d942a0 JavaThread "parallel-5" daemon [_thread_blocked, id=7940, stack(0x0000002cabe00000,0x0000002cabf00000)]
  0x0000012f32d90af0 JavaThread "Reconciler-1" daemon [_thread_blocked, id=3552, stack(0x0000002cac000000,0x0000002cac100000)]
  0x0000012f32d905e0 JavaThread "parallel-6" daemon [_thread_blocked, id=12660, stack(0x0000002cac100000,0x0000002cac200000)]
  0x0000012f32d97540 JavaThread "parallel-7" daemon [_thread_blocked, id=23300, stack(0x0000002ca8700000,0x0000002ca8800000)]
  0x0000012f32d96610 JavaThread "parallel-8" daemon [_thread_blocked, id=2760, stack(0x0000002ca8800000,0x0000002ca8900000)]
  0x0000012f32d93d90 JavaThread "parallel-9" daemon [_thread_blocked, id=23156, stack(0x0000002ca8900000,0x0000002ca8a00000)]
  0x0000012f32d94cc0 JavaThread "parallel-10" daemon [_thread_blocked, id=28324, stack(0x0000002cab400000,0x0000002cab500000)]
  0x0000012f32d97a50 JavaThread "parallel-11" daemon [_thread_blocked, id=21528, stack(0x0000002cac200000,0x0000002cac300000)]
  0x0000012f32d92440 JavaThread "CompletableFutureDelayScheduler" daemon [_thread_blocked, id=23380, stack(0x0000002cab300000,0x0000002cab400000)]
  0x0000012f32d92950 JavaThread "pool-7-thread-1" [_thread_blocked, id=14080, stack(0x0000002cac800000,0x0000002cac900000)]
  0x0000012f32d92e60 JavaThread "pool-7-thread-2" [_thread_blocked, id=27552, stack(0x0000002cac900000,0x0000002caca00000)]
  0x0000012f32d93370 JavaThread "RMI Scheduler(0)" daemon [_thread_blocked, id=26956, stack(0x0000002caca00000,0x0000002cacb00000)]
  0x0000012f32d95bf0 JavaThread "pool-7-thread-3" [_thread_blocked, id=27940, stack(0x0000002cace00000,0x0000002cacf00000)]
  0x0000012f322d1ca0 JavaThread "pool-7-thread-4" [_thread_blocked, id=14196, stack(0x0000002cacf00000,0x0000002cad000000)]
  0x0000012f322d0350 JavaThread "pool-7-thread-5" [_thread_blocked, id=7988, stack(0x0000002cacd00000,0x0000002cace00000)]
  0x0000012f32d956e0 JavaThread "parallel-12" daemon [_thread_blocked, id=21644, stack(0x0000002cac700000,0x0000002cac800000)]

Other Threads:
=>0x0000012f2c9850d0 VMThread "VM Thread" [stack: 0x0000002ca9000000,0x0000002ca9100000] [id=28500]
  0x0000012f2cc4e930 WatcherThread [stack: 0x0000002ca9b00000,0x0000002ca9c00000] [id=23224]
  0x0000012f1f794320 GCTaskThread "GC Thread#0" [stack: 0x0000002ca8b00000,0x0000002ca8c00000] [id=14316]
  0x0000012f3161e730 GCTaskThread "GC Thread#1" [stack: 0x0000002ca9d00000,0x0000002ca9e00000] [id=13540]
  0x0000012f316caa40 GCTaskThread "GC Thread#2" [stack: 0x0000002ca9e00000,0x0000002ca9f00000] [id=24392]
  0x0000012f316cad00 GCTaskThread "GC Thread#3" [stack: 0x0000002ca9f00000,0x0000002caa000000] [id=17668]
  0x0000012f31d5fe10 GCTaskThread "GC Thread#4" [stack: 0x0000002caa000000,0x0000002caa100000] [id=21568]
  0x0000012f31d608f0 GCTaskThread "GC Thread#5" [stack: 0x0000002caa100000,0x0000002caa200000] [id=19148]
  0x0000012f31d60bb0 GCTaskThread "GC Thread#6" [stack: 0x0000002caa200000,0x0000002caa300000] [id=16264]
  0x0000012f31d60e70 GCTaskThread "GC Thread#7" [stack: 0x0000002caa300000,0x0000002caa400000] [id=22240]
  0x0000012f31d62160 GCTaskThread "GC Thread#8" [stack: 0x0000002caa400000,0x0000002caa500000] [id=5736]
  0x0000012f31f93030 GCTaskThread "GC Thread#9" [stack: 0x0000002caa600000,0x0000002caa700000] [id=20116]
  0x0000012f1f79d270 ConcurrentGCThread "G1 Main Marker" [stack: 0x0000002ca8c00000,0x0000002ca8d00000] [id=21732]
  0x0000012f1f79dc90 ConcurrentGCThread "G1 Conc#0" [stack: 0x0000002ca8d00000,0x0000002ca8e00000] [id=27264]
  0x0000012f31e8f210 ConcurrentGCThread "G1 Conc#1" [stack: 0x0000002caa700000,0x0000002caa800000] [id=17892]
  0x0000012f31e8c1e0 ConcurrentGCThread "G1 Conc#2" [stack: 0x0000002caa800000,0x0000002caa900000] [id=17876]
  0x0000012f1f80d820 ConcurrentGCThread "G1 Refine#0" [stack: 0x0000002ca8e00000,0x0000002ca8f00000] [id=20424]
  0x0000012f1f80e250 ConcurrentGCThread "G1 Service" [stack: 0x0000002ca8f00000,0x0000002ca9000000] [id=14372]

Threads with active compile tasks:

VM state: at safepoint (normal execution)

VM Mutex/Monitor currently owned by a thread:  ([mutex/lock_event])
[0x0000012f1f751f20] Threads_lock - owner thread: 0x0000012f2c9850d0
[0x0000012f1f752040] Heap_lock - owner thread: 0x0000012f322d26c0

Heap address: 0x00000000c0000000, size: 1024 MB, Compressed Oops mode: 32-bit

CDS archive(s) not mapped
Compressed class space mapped at: 0x0000000100000000-0x0000000140000000, reserved size: 1073741824
Narrow klass base: 0x0000000000000000, Narrow klass shift: 3, Narrow klass range: 0x140000000

GC Precious Log:
 CPUs: 12 total, 12 available
 Memory: 7365M
 Large Page Support: Disabled
 NUMA Support: Disabled
 Compressed Oops: Enabled (32-bit)
 Heap Region Size: 1M
 Heap Min Capacity: 8M
 Heap Initial Capacity: 116M
 Heap Max Capacity: 1G
 Pre-touch: Disabled
 Parallel Workers: 10
 Concurrent Workers: 3
 Concurrent Refinement Workers: 10
 Periodic GC: Disabled

Heap:
 garbage-first heap   total 116736K, used 41039K [0x00000000c0000000, 0x0000000100000000)
  region size 1024K, 1 young (1024K), 0 survivors (0K)
 Metaspace       used 62890K, committed 63936K, reserved 1114112K
  class space    used 7953K, committed 8320K, reserved 1048576K

Heap Regions: E=young(eden), S=young(survivor), O=old, HS=humongous(starts), HC=humongous(continues), CS=collection set, F=free, OA=open archive, CA=closed archive, TAMS=top-at-mark-start (previous, next)
|   0|0x00000000c0000000, 0x00000000c0100000, 0x00000000c0100000|100%|HS|  |TAMS 0x00000000c0100000, 0x00000000c0000000| Untracked 
|   1|0x00000000c0100000, 0x00000000c0200000, 0x00000000c0200000|100%|HC|  |TAMS 0x00000000c0200000, 0x00000000c0100000| Untracked 
|   2|0x00000000c0200000, 0x00000000c0300000, 0x00000000c0300000|100%|HC|  |TAMS 0x00000000c0300000, 0x00000000c0200000| Untracked 
|   3|0x00000000c0300000, 0x00000000c0400000, 0x00000000c0400000|100%|HC|  |TAMS 0x00000000c0400000, 0x00000000c0300000| Untracked 
|   4|0x00000000c0400000, 0x00000000c0500000, 0x00000000c0500000|100%|HS|  |TAMS 0x00000000c0500000, 0x00000000c0400000| Untracked 
|   5|0x00000000c0500000, 0x00000000c0600000, 0x00000000c0600000|100%|HC|  |TAMS 0x00000000c0600000, 0x00000000c0500000| Untracked 
|   6|0x00000000c0600000, 0x00000000c06ff1d0, 0x00000000c0700000| 99%| O|  |TAMS 0x00000000c06ff1d0, 0x00000000c0600000| Untracked 
|   7|0x00000000c0700000, 0x00000000c0800000, 0x00000000c0800000|100%| O|  |TAMS 0x00000000c0800000, 0x00000000c0700000| Untracked 
|   8|0x00000000c0800000, 0x00000000c0900000, 0x00000000c0900000|100%| O|  |TAMS 0x00000000c0900000, 0x00000000c0800000| Untracked 
|   9|0x00000000c0900000, 0x00000000c09ffff0, 0x00000000c0a00000| 99%| O|  |TAMS 0x00000000c09ffff0, 0x00000000c0900000| Untracked 
|  10|0x00000000c0a00000, 0x00000000c0b00000, 0x00000000c0b00000|100%| O|  |TAMS 0x00000000c0b00000, 0x00000000c0a00000| Untracked 
|  11|0x00000000c0b00000, 0x00000000c0bffff8, 0x00000000c0c00000| 99%| O|  |TAMS 0x00000000c0bffff8, 0x00000000c0b00000| Untracked 
|  12|0x00000000c0c00000, 0x00000000c0cfafe8, 0x00000000c0d00000| 98%| O|  |TAMS 0x00000000c0cfafe8, 0x00000000c0c00000| Untracked 
|  13|0x00000000c0d00000, 0x00000000c0dffff8, 0x00000000c0e00000| 99%| O|  |TAMS 0x00000000c0dffff8, 0x00000000c0d00000| Untracked 
|  14|0x00000000c0e00000, 0x00000000c0f00000, 0x00000000c0f00000|100%| O|  |TAMS 0x00000000c0f00000, 0x00000000c0e00000| Untracked 
|  15|0x00000000c0f00000, 0x00000000c0fffff8, 0x00000000c1000000| 99%| O|  |TAMS 0x00000000c0fffff8, 0x00000000c0f00000| Untracked 
|  16|0x00000000c1000000, 0x00000000c1100000, 0x00000000c1100000|100%| O|  |TAMS 0x00000000c1100000, 0x00000000c1000000| Untracked 
|  17|0x00000000c1100000, 0x00000000c1200000, 0x00000000c1200000|100%| O|  |TAMS 0x00000000c1200000, 0x00000000c1100000| Untracked 
|  18|0x00000000c1200000, 0x00000000c12fffe8, 0x00000000c1300000| 99%| O|  |TAMS 0x00000000c12fffe8, 0x00000000c1200000| Untracked 
|  19|0x00000000c1300000, 0x00000000c13fffe0, 0x00000000c1400000| 99%| O|  |TAMS 0x00000000c13fffe0, 0x00000000c1300000| Untracked 
|  20|0x00000000c1400000, 0x00000000c14fffd8, 0x00000000c1500000| 99%| O|  |TAMS 0x00000000c14fffd8, 0x00000000c1400000| Untracked 
|  21|0x00000000c1500000, 0x00000000c15fe728, 0x00000000c1600000| 99%| O|  |TAMS 0x00000000c15fe728, 0x00000000c1500000| Untracked 
|  22|0x00000000c1600000, 0x00000000c16fea00, 0x00000000c1700000| 99%| O|  |TAMS 0x00000000c16fea00, 0x00000000c1600000| Untracked 
|  23|0x00000000c1700000, 0x00000000c1800000, 0x00000000c1800000|100%| O|  |TAMS 0x00000000c1800000, 0x00000000c1700000| Untracked 
|  24|0x00000000c1800000, 0x00000000c18fffc0, 0x00000000c1900000| 99%| O|  |TAMS 0x00000000c18fffc0, 0x00000000c1800000| Untracked 
|  25|0x00000000c1900000, 0x00000000c19ffff8, 0x00000000c1a00000| 99%| O|  |TAMS 0x00000000c19ffff8, 0x00000000c1900000| Untracked 
|  26|0x00000000c1a00000, 0x00000000c1b00000, 0x00000000c1b00000|100%| O|  |TAMS 0x00000000c1b00000, 0x00000000c1a00000| Untracked 
|  27|0x00000000c1b00000, 0x00000000c1bfff08, 0x00000000c1c00000| 99%| O|  |TAMS 0x00000000c1bfff08, 0x00000000c1b00000| Untracked 
|  28|0x00000000c1c00000, 0x00000000c1cf5b98, 0x00000000c1d00000| 95%| O|  |TAMS 0x00000000c1cf5b98, 0x00000000c1c00000| Untracked 
|  29|0x00000000c1d00000, 0x00000000c1e00000, 0x00000000c1e00000|100%| O|  |TAMS 0x00000000c1e00000, 0x00000000c1d00000| Untracked 
|  30|0x00000000c1e00000, 0x00000000c1efffe8, 0x00000000c1f00000| 99%| O|  |TAMS 0x00000000c1efffe8, 0x00000000c1e00000| Untracked 
|  31|0x00000000c1f00000, 0x00000000c1ffffe8, 0x00000000c2000000| 99%| O|  |TAMS 0x00000000c1ffffe8, 0x00000000c1f00000| Untracked 
|  32|0x00000000c2000000, 0x00000000c2100000, 0x00000000c2100000|100%| O|  |TAMS 0x00000000c2100000, 0x00000000c2000000| Untracked 
|  33|0x00000000c2100000, 0x00000000c21ffff0, 0x00000000c2200000| 99%| O|  |TAMS 0x00000000c21ffff0, 0x00000000c2100000| Untracked 
|  34|0x00000000c2200000, 0x00000000c2300000, 0x00000000c2300000|100%|HS|  |TAMS 0x00000000c2300000, 0x00000000c2200000| Untracked 
|  35|0x00000000c2300000, 0x00000000c23f8b48, 0x00000000c2400000| 97%| O|  |TAMS 0x00000000c23f8b48, 0x00000000c2300000| Untracked 
|  36|0x00000000c2400000, 0x00000000c24fffe8, 0x00000000c2500000| 99%| O|  |TAMS 0x00000000c24fffe8, 0x00000000c2400000| Untracked 
|  37|0x00000000c2500000, 0x00000000c25ffff0, 0x00000000c2600000| 99%| O|  |TAMS 0x00000000c25ffff0, 0x00000000c2500000| Untracked 
|  38|0x00000000c2600000, 0x00000000c262e670, 0x00000000c2700000| 18%| O|  |TAMS 0x00000000c2600000, 0x00000000c2600000| Untracked 
|  39|0x00000000c2700000, 0x00000000c2700068, 0x00000000c2800000|  0%| O|  |TAMS 0x00000000c2700000, 0x00000000c2700000| Untracked 
|  40|0x00000000c2800000, 0x00000000c2800000, 0x00000000c2900000|  0%| F|  |TAMS 0x00000000c2800000, 0x00000000c2800000| Untracked 
|  41|0x00000000c2900000, 0x00000000c2900000, 0x00000000c2a00000|  0%| F|  |TAMS 0x00000000c2900000, 0x00000000c2900000| Untracked 
|  42|0x00000000c2a00000, 0x00000000c2a00000, 0x00000000c2b00000|  0%| F|  |TAMS 0x00000000c2a00000, 0x00000000c2a00000| Untracked 
|  43|0x00000000c2b00000, 0x00000000c2b00000, 0x00000000c2c00000|  0%| F|  |TAMS 0x00000000c2b00000, 0x00000000c2b00000| Untracked 
|  44|0x00000000c2c00000, 0x00000000c2c00000, 0x00000000c2d00000|  0%| F|  |TAMS 0x00000000c2c00000, 0x00000000c2c00000| Untracked 
|  45|0x00000000c2d00000, 0x00000000c2d00000, 0x00000000c2e00000|  0%| F|  |TAMS 0x00000000c2d00000, 0x00000000c2d00000| Untracked 
|  46|0x00000000c2e00000, 0x00000000c2e00000, 0x00000000c2f00000|  0%| F|  |TAMS 0x00000000c2e00000, 0x00000000c2e00000| Untracked 
|  47|0x00000000c2f00000, 0x00000000c2f00000, 0x00000000c3000000|  0%| F|  |TAMS 0x00000000c2f00000, 0x00000000c2f00000| Untracked 
|  48|0x00000000c3000000, 0x00000000c3000000, 0x00000000c3100000|  0%| F|  |TAMS 0x00000000c3000000, 0x00000000c3000000| Untracked 
|  49|0x00000000c3100000, 0x00000000c3100000, 0x00000000c3200000|  0%| F|  |TAMS 0x00000000c3100000, 0x00000000c3100000| Untracked 
|  50|0x00000000c3200000, 0x00000000c3200000, 0x00000000c3300000|  0%| F|  |TAMS 0x00000000c3200000, 0x00000000c3200000| Untracked 
|  51|0x00000000c3300000, 0x00000000c3300000, 0x00000000c3400000|  0%| F|  |TAMS 0x00000000c3300000, 0x00000000c3300000| Untracked 
|  52|0x00000000c3400000, 0x00000000c3400000, 0x00000000c3500000|  0%| F|  |TAMS 0x00000000c3400000, 0x00000000c3400000| Untracked 
|  53|0x00000000c3500000, 0x00000000c3500000, 0x00000000c3600000|  0%| F|  |TAMS 0x00000000c3500000, 0x00000000c3500000| Untracked 
|  54|0x00000000c3600000, 0x00000000c3600000, 0x00000000c3700000|  0%| F|  |TAMS 0x00000000c3600000, 0x00000000c3600000| Untracked 
|  55|0x00000000c3700000, 0x00000000c3700000, 0x00000000c3800000|  0%| F|  |TAMS 0x00000000c3700000, 0x00000000c3700000| Untracked 
|  56|0x00000000c3800000, 0x00000000c3800000, 0x00000000c3900000|  0%| F|  |TAMS 0x00000000c3800000, 0x00000000c3800000| Untracked 
|  57|0x00000000c3900000, 0x00000000c3900000, 0x00000000c3a00000|  0%| F|  |TAMS 0x00000000c3900000, 0x00000000c3900000| Untracked 
|  58|0x00000000c3a00000, 0x00000000c3a00000, 0x00000000c3b00000|  0%| F|  |TAMS 0x00000000c3a00000, 0x00000000c3a00000| Untracked 
|  59|0x00000000c3b00000, 0x00000000c3b00000, 0x00000000c3c00000|  0%| F|  |TAMS 0x00000000c3b00000, 0x00000000c3b00000| Untracked 
|  60|0x00000000c3c00000, 0x00000000c3c00000, 0x00000000c3d00000|  0%| F|  |TAMS 0x00000000c3c00000, 0x00000000c3c00000| Untracked 
|  61|0x00000000c3d00000, 0x00000000c3d00000, 0x00000000c3e00000|  0%| F|  |TAMS 0x00000000c3d00000, 0x00000000c3d00000| Untracked 
|  62|0x00000000c3e00000, 0x00000000c3e00000, 0x00000000c3f00000|  0%| F|  |TAMS 0x00000000c3e00000, 0x00000000c3e00000| Untracked 
|  63|0x00000000c3f00000, 0x00000000c3f00000, 0x00000000c4000000|  0%| F|  |TAMS 0x00000000c3f00000, 0x00000000c3f00000| Untracked 
|  64|0x00000000c4000000, 0x00000000c4000000, 0x00000000c4100000|  0%| F|  |TAMS 0x00000000c4000000, 0x00000000c4000000| Untracked 
|  65|0x00000000c4100000, 0x00000000c4100000, 0x00000000c4200000|  0%| F|  |TAMS 0x00000000c4100000, 0x00000000c4100000| Untracked 
|  66|0x00000000c4200000, 0x00000000c4200000, 0x00000000c4300000|  0%| F|  |TAMS 0x00000000c4200000, 0x00000000c4200000| Untracked 
|  67|0x00000000c4300000, 0x00000000c4300000, 0x00000000c4400000|  0%| F|  |TAMS 0x00000000c4300000, 0x00000000c4300000| Untracked 
|  68|0x00000000c4400000, 0x00000000c4400000, 0x00000000c4500000|  0%| F|  |TAMS 0x00000000c4400000, 0x00000000c4400000| Untracked 
|  69|0x00000000c4500000, 0x00000000c4500000, 0x00000000c4600000|  0%| F|  |TAMS 0x00000000c4500000, 0x00000000c4500000| Untracked 
|  70|0x00000000c4600000, 0x00000000c4600000, 0x00000000c4700000|  0%| F|  |TAMS 0x00000000c4600000, 0x00000000c4600000| Untracked 
|  71|0x00000000c4700000, 0x00000000c4700000, 0x00000000c4800000|  0%| F|  |TAMS 0x00000000c4700000, 0x00000000c4700000| Untracked 
|  72|0x00000000c4800000, 0x00000000c4800000, 0x00000000c4900000|  0%| F|  |TAMS 0x00000000c4800000, 0x00000000c4800000| Untracked 
|  73|0x00000000c4900000, 0x00000000c4900000, 0x00000000c4a00000|  0%| F|  |TAMS 0x00000000c4900000, 0x00000000c4900000| Untracked 
|  74|0x00000000c4a00000, 0x00000000c4a00000, 0x00000000c4b00000|  0%| F|  |TAMS 0x00000000c4a00000, 0x00000000c4a00000| Untracked 
|  75|0x00000000c4b00000, 0x00000000c4b00000, 0x00000000c4c00000|  0%| F|  |TAMS 0x00000000c4b00000, 0x00000000c4b00000| Untracked 
|  76|0x00000000c4c00000, 0x00000000c4c00000, 0x00000000c4d00000|  0%| F|  |TAMS 0x00000000c4c00000, 0x00000000c4c00000| Untracked 
|  77|0x00000000c4d00000, 0x00000000c4d00000, 0x00000000c4e00000|  0%| F|  |TAMS 0x00000000c4d00000, 0x00000000c4d00000| Untracked 
|  78|0x00000000c4e00000, 0x00000000c4e00000, 0x00000000c4f00000|  0%| F|  |TAMS 0x00000000c4e00000, 0x00000000c4e00000| Untracked 
|  79|0x00000000c4f00000, 0x00000000c4f00000, 0x00000000c5000000|  0%| F|  |TAMS 0x00000000c4f00000, 0x00000000c4f00000| Untracked 
|  80|0x00000000c5000000, 0x00000000c5000000, 0x00000000c5100000|  0%| F|  |TAMS 0x00000000c5000000, 0x00000000c5000000| Untracked 
|  81|0x00000000c5100000, 0x00000000c5100000, 0x00000000c5200000|  0%| F|  |TAMS 0x00000000c5100000, 0x00000000c5100000| Untracked 
|  82|0x00000000c5200000, 0x00000000c5200000, 0x00000000c5300000|  0%| F|  |TAMS 0x00000000c5200000, 0x00000000c5200000| Untracked 
|  83|0x00000000c5300000, 0x00000000c5300000, 0x00000000c5400000|  0%| F|  |TAMS 0x00000000c5300000, 0x00000000c5300000| Untracked 
|  84|0x00000000c5400000, 0x00000000c5400000, 0x00000000c5500000|  0%| F|  |TAMS 0x00000000c5400000, 0x00000000c5400000| Untracked 
|  85|0x00000000c5500000, 0x00000000c5500000, 0x00000000c5600000|  0%| F|  |TAMS 0x00000000c5500000, 0x00000000c5500000| Untracked 
|  86|0x00000000c5600000, 0x00000000c5600000, 0x00000000c5700000|  0%| F|  |TAMS 0x00000000c5600000, 0x00000000c5600000| Untracked 
|  87|0x00000000c5700000, 0x00000000c5700000, 0x00000000c5800000|  0%| F|  |TAMS 0x00000000c5700000, 0x00000000c5700000| Untracked 
|  88|0x00000000c5800000, 0x00000000c5800000, 0x00000000c5900000|  0%| F|  |TAMS 0x00000000c5800000, 0x00000000c5800000| Untracked 
|  89|0x00000000c5900000, 0x00000000c5900000, 0x00000000c5a00000|  0%| F|  |TAMS 0x00000000c5900000, 0x00000000c5900000| Untracked 
|  90|0x00000000c5a00000, 0x00000000c5a00000, 0x00000000c5b00000|  0%| F|  |TAMS 0x00000000c5a00000, 0x00000000c5a00000| Untracked 
|  91|0x00000000c5b00000, 0x00000000c5b00000, 0x00000000c5c00000|  0%| F|  |TAMS 0x00000000c5b00000, 0x00000000c5b00000| Untracked 
|  92|0x00000000c5c00000, 0x00000000c5c00000, 0x00000000c5d00000|  0%| F|  |TAMS 0x00000000c5c00000, 0x00000000c5c00000| Untracked 
|  93|0x00000000c5d00000, 0x00000000c5d00000, 0x00000000c5e00000|  0%| F|  |TAMS 0x00000000c5d00000, 0x00000000c5d00000| Untracked 
|  94|0x00000000c5e00000, 0x00000000c5e00000, 0x00000000c5f00000|  0%| F|  |TAMS 0x00000000c5e00000, 0x00000000c5e00000| Untracked 
|  95|0x00000000c5f00000, 0x00000000c5f00000, 0x00000000c6000000|  0%| F|  |TAMS 0x00000000c5f00000, 0x00000000c5f00000| Untracked 
|  96|0x00000000c6000000, 0x00000000c6000000, 0x00000000c6100000|  0%| F|  |TAMS 0x00000000c6000000, 0x00000000c6000000| Untracked 
|  97|0x00000000c6100000, 0x00000000c6100000, 0x00000000c6200000|  0%| F|  |TAMS 0x00000000c6100000, 0x00000000c6100000| Untracked 
|  98|0x00000000c6200000, 0x00000000c6200000, 0x00000000c6300000|  0%| F|  |TAMS 0x00000000c6200000, 0x00000000c6200000| Untracked 
|  99|0x00000000c6300000, 0x00000000c6300000, 0x00000000c6400000|  0%| F|  |TAMS 0x00000000c6300000, 0x00000000c6300000| Untracked 
| 100|0x00000000c6400000, 0x00000000c6400000, 0x00000000c6500000|  0%| F|  |TAMS 0x00000000c6400000, 0x00000000c6400000| Untracked 
| 101|0x00000000c6500000, 0x00000000c6500000, 0x00000000c6600000|  0%| F|  |TAMS 0x00000000c6500000, 0x00000000c6500000| Untracked 
| 102|0x00000000c6600000, 0x00000000c6600000, 0x00000000c6700000|  0%| F|  |TAMS 0x00000000c6600000, 0x00000000c6600000| Untracked 
| 103|0x00000000c6700000, 0x00000000c6700000, 0x00000000c6800000|  0%| F|  |TAMS 0x00000000c6700000, 0x00000000c6700000| Untracked 
| 104|0x00000000c6800000, 0x00000000c6800000, 0x00000000c6900000|  0%| F|  |TAMS 0x00000000c6800000, 0x00000000c6800000| Untracked 
| 105|0x00000000c6900000, 0x00000000c6900000, 0x00000000c6a00000|  0%| F|  |TAMS 0x00000000c6900000, 0x00000000c6900000| Untracked 
| 106|0x00000000c6a00000, 0x00000000c6a00000, 0x00000000c6b00000|  0%| F|  |TAMS 0x00000000c6a00000, 0x00000000c6a00000| Untracked 
| 107|0x00000000c6b00000, 0x00000000c6b00000, 0x00000000c6c00000|  0%| F|  |TAMS 0x00000000c6b00000, 0x00000000c6b00000| Untracked 
| 108|0x00000000c6c00000, 0x00000000c6c00000, 0x00000000c6d00000|  0%| F|  |TAMS 0x00000000c6c00000, 0x00000000c6c00000| Untracked 
| 109|0x00000000c6d00000, 0x00000000c6d00000, 0x00000000c6e00000|  0%| F|  |TAMS 0x00000000c6d00000, 0x00000000c6d00000| Untracked 
| 110|0x00000000c6e00000, 0x00000000c6f00000, 0x00000000c6f00000|100%| O|  |TAMS 0x00000000c6f00000, 0x00000000c6e00000| Untracked 
| 111|0x00000000c6f00000, 0x00000000c7000000, 0x00000000c7000000|100%| O|  |TAMS 0x00000000c7000000, 0x00000000c6f00000| Untracked 
| 112|0x00000000c7000000, 0x00000000c7000000, 0x00000000c7100000|  0%| F|  |TAMS 0x00000000c7000000, 0x00000000c7000000| Untracked 
| 113|0x00000000c7100000, 0x00000000c7108838, 0x00000000c7200000|  3%| E|  |TAMS 0x00000000c7100000, 0x00000000c7100000| Complete 

Card table byte_map: [0x0000012f278e0000,0x0000012f27ae0000] _byte_map_base: 0x0000012f272e0000

Marking Bits (Prev, Next): (CMBitMap*) 0x0000012f1f794980, (CMBitMap*) 0x0000012f1f794940
 Prev Bits: [0x0000012f28ce0000, 0x0000012f29ce0000)
 Next Bits: [0x0000012f27ce0000, 0x0000012f28ce0000)

Polling page: 0x0000012f1f810000

Metaspace:

Usage:
  Non-class:     53.65 MB used.
      Class:      7.77 MB used.
       Both:     61.42 MB used.

Virtual space:
  Non-class space:       64.00 MB reserved,      54.31 MB ( 85%) committed,  1 nodes.
      Class space:        1.00 GB reserved,       8.12 MB ( <1%) committed,  1 nodes.
             Both:        1.06 GB reserved,      62.44 MB (  6%) committed. 

Chunk freelists:
   Non-Class:  10.15 MB
       Class:  8.00 MB
        Both:  18.15 MB

MaxMetaspaceSize: unlimited
CompressedClassSpaceSize: 1.00 GB
Initial GC threshold: 21.00 MB
Current GC threshold: 104.06 MB
CDS: off
MetaspaceReclaimPolicy: balanced
 - commit_granule_bytes: 65536.
 - commit_granule_words: 8192.
 - virtual_space_node_default_size: 8388608.
 - enlarge_chunks_in_place: 1.
 - new_chunks_are_fully_committed: 0.
 - uncommit_free_chunks: 1.
 - use_allocation_guard: 0.
 - handle_deallocations: 1.


Internal statistics:

num_allocs_failed_limit: 11.
num_arena_births: 908.
num_arena_deaths: 364.
num_vsnodes_births: 2.
num_vsnodes_deaths: 0.
num_space_committed: 998.
num_space_uncommitted: 0.
num_chunks_returned_to_freelist: 448.
num_chunks_taken_from_freelist: 2954.
num_chunk_merges: 170.
num_chunk_splits: 1996.
num_chunks_enlarged: 1417.
num_inconsistent_stats: 0.

CodeCache: size=49152Kb used=13562Kb max_used=13705Kb free=35589Kb
 bounds [0x0000012f23be0000, 0x0000012f24950000, 0x0000012f26be0000]
 total_blobs=8121 nmethods=7453 adapters=595
 compilation: enabled
              stopped_count=0, restarted_count=0
 full_count=0

Compilation events (20 events):
Event: 3114.274 Thread 0x0000012f2cb1ad60 7442       1       java.io.FileOutputStream::<init> (59 bytes)
Event: 3114.296 Thread 0x0000012f2cb1ad60 nmethod 7442 0x0000012f24797290 code [0x0000012f24797480, 0x0000012f24797948]
Event: 3114.296 Thread 0x0000012f2cb1ad60 7443       1       java.io.BufferedOutputStream::<init> (9 bytes)
Event: 3114.296 Thread 0x0000012f2cb1ad60 nmethod 7443 0x0000012f24796d10 code [0x0000012f24796ea0, 0x0000012f24797178]
Event: 3124.544 Thread 0x0000012f2cb1ad60 7445       1       java.lang.ProcessHandleImpl::<init> (27 bytes)
Event: 3124.545 Thread 0x0000012f2cb1ad60 nmethod 7445 0x0000012f24796610 code [0x0000012f247967a0, 0x0000012f24796898]
Event: 3134.756 Thread 0x0000012f2cb1ad60 7446       1       java.lang.ProcessBuilder::environment (147 bytes)
Event: 3134.776 Thread 0x0000012f2cb1ad60 nmethod 7446 0x0000012f24795510 code [0x0000012f24795760, 0x0000012f24795ca8]
Event: 3134.776 Thread 0x0000012f2cb1ad60 7447   !   1       java.lang.ProcessImpl::start (733 bytes)
Event: 3134.790 Thread 0x0000012f2cb1ad60 nmethod 7447 0x0000012f2478fd10 code [0x0000012f247902e0, 0x0000012f24793238]
Event: 3134.790 Thread 0x0000012f2cb1ad60 7448       1       java.lang.ProcessEnvironment::toEnvironmentBlock (16 bytes)
Event: 3134.790 Thread 0x0000012f2cb1ad60 nmethod 7448 0x0000012f2478f990 code [0x0000012f2478fb20, 0x0000012f2478fc48]
Event: 3134.790 Thread 0x0000012f2cb1ad60 7449   !   1       java.lang.ProcessImpl::<init> (327 bytes)
Event: 3134.837 Thread 0x0000012f2cb1ad60 nmethod 7449 0x0000012f2478d210 code [0x0000012f2478d660, 0x0000012f2478ea18]
Event: 3135.000 Thread 0x0000012f2cb1ad60 7454   !   1       java.io.FilterOutputStream::close (183 bytes)
Event: 3135.048 Thread 0x0000012f2cb1ad60 nmethod 7454 0x0000012f2478c090 code [0x0000012f2478c2a0, 0x0000012f2478c778]
Event: 3135.048 Thread 0x0000012f2cb1ad60 7456       1       java.lang.ProcessImpl$$Lambda$1427/0x00000001007e6d50::run (8 bytes)
Event: 3135.048 Thread 0x0000012f2cb1ad60 nmethod 7456 0x0000012f2478bd90 code [0x0000012f2478bf20, 0x0000012f2478c008]
Event: 3135.048 Thread 0x0000012f2cb1ad60 7457       1       java.lang.ProcessImpl::lambda$new$0 (6 bytes)
Event: 3135.048 Thread 0x0000012f2cb1ad60 nmethod 7457 0x0000012f2478ba90 code [0x0000012f2478bc20, 0x0000012f2478bce8]

GC Heap History (20 events):
Event: 3635.722 GC heap after
{Heap after GC invocations=325 (full 305):
 garbage-first heap   total 116736K, used 41039K [0x00000000c0000000, 0x0000000100000000)
  region size 1024K, 0 young (0K), 0 survivors (0K)
 Metaspace       used 62890K, committed 63936K, reserved 1114112K
  class space    used 7953K, committed 8320K, reserved 1048576K
}
Event: 3645.887 GC heap before
{Heap before GC invocations=325 (full 305):
 garbage-first heap   total 116736K, used 41039K [0x00000000c0000000, 0x0000000100000000)
  region size 1024K, 1 young (1024K), 0 survivors (0K)
 Metaspace       used 62890K, committed 63936K, reserved 1114112K
  class space    used 7953K, committed 8320K, reserved 1048576K
}
Event: 3645.921 GC heap after
{Heap after GC invocations=326 (full 306):
 garbage-first heap   total 116736K, used 41039K [0x00000000c0000000, 0x0000000100000000)
  region size 1024K, 0 young (0K), 0 survivors (0K)
 Metaspace       used 62890K, committed 63936K, reserved 1114112K
  class space    used 7953K, committed 8320K, reserved 1048576K
}
Event: 3656.088 GC heap before
{Heap before GC invocations=326 (full 306):
 garbage-first heap   total 116736K, used 41039K [0x00000000c0000000, 0x0000000100000000)
  region size 1024K, 1 young (1024K), 0 survivors (0K)
 Metaspace       used 62890K, committed 63936K, reserved 1114112K
  class space    used 7953K, committed 8320K, reserved 1048576K
}
Event: 3656.134 GC heap after
{Heap after GC invocations=327 (full 307):
 garbage-first heap   total 116736K, used 41039K [0x00000000c0000000, 0x0000000100000000)
  region size 1024K, 0 young (0K), 0 survivors (0K)
 Metaspace       used 62890K, committed 63936K, reserved 1114112K
  class space    used 7953K, committed 8320K, reserved 1048576K
}
Event: 3666.338 GC heap before
{Heap before GC invocations=327 (full 307):
 garbage-first heap   total 116736K, used 41039K [0x00000000c0000000, 0x0000000100000000)
  region size 1024K, 1 young (1024K), 0 survivors (0K)
 Metaspace       used 62890K, committed 63936K, reserved 1114112K
  class space    used 7953K, committed 8320K, reserved 1048576K
}
Event: 3666.379 GC heap after
{Heap after GC invocations=328 (full 308):
 garbage-first heap   total 116736K, used 41039K [0x00000000c0000000, 0x0000000100000000)
  region size 1024K, 0 young (0K), 0 survivors (0K)
 Metaspace       used 62890K, committed 63936K, reserved 1114112K
  class space    used 7953K, committed 8320K, reserved 1048576K
}
Event: 3676.540 GC heap before
{Heap before GC invocations=328 (full 308):
 garbage-first heap   total 116736K, used 41039K [0x00000000c0000000, 0x0000000100000000)
  region size 1024K, 1 young (1024K), 0 survivors (0K)
 Metaspace       used 62890K, committed 63936K, reserved 1114112K
  class space    used 7953K, committed 8320K, reserved 1048576K
}
Event: 3676.573 GC heap after
{Heap after GC invocations=329 (full 309):
 garbage-first heap   total 116736K, used 41039K [0x00000000c0000000, 0x0000000100000000)
  region size 1024K, 0 young (0K), 0 survivors (0K)
 Metaspace       used 62890K, committed 63936K, reserved 1114112K
  class space    used 7953K, committed 8320K, reserved 1048576K
}
Event: 3686.721 GC heap before
{Heap before GC invocations=329 (full 309):
 garbage-first heap   total 116736K, used 41039K [0x00000000c0000000, 0x0000000100000000)
  region size 1024K, 1 young (1024K), 0 survivors (0K)
 Metaspace       used 62890K, committed 63936K, reserved 1114112K
  class space    used 7953K, committed 8320K, reserved 1048576K
}
Event: 3686.756 GC heap after
{Heap after GC invocations=330 (full 310):
 garbage-first heap   total 116736K, used 41039K [0x00000000c0000000, 0x0000000100000000)
  region size 1024K, 0 young (0K), 0 survivors (0K)
 Metaspace       used 62890K, committed 63936K, reserved 1114112K
  class space    used 7953K, committed 8320K, reserved 1048576K
}
Event: 3696.919 GC heap before
{Heap before GC invocations=330 (full 310):
 garbage-first heap   total 116736K, used 41039K [0x00000000c0000000, 0x0000000100000000)
  region size 1024K, 1 young (1024K), 0 survivors (0K)
 Metaspace       used 62890K, committed 63936K, reserved 1114112K
  class space    used 7953K, committed 8320K, reserved 1048576K
}
Event: 3696.951 GC heap after
{Heap after GC invocations=331 (full 311):
 garbage-first heap   total 116736K, used 41039K [0x00000000c0000000, 0x0000000100000000)
  region size 1024K, 0 young (0K), 0 survivors (0K)
 Metaspace       used 62890K, committed 63936K, reserved 1114112K
  class space    used 7953K, committed 8320K, reserved 1048576K
}
Event: 3707.120 GC heap before
{Heap before GC invocations=331 (full 311):
 garbage-first heap   total 116736K, used 41039K [0x00000000c0000000, 0x0000000100000000)
  region size 1024K, 1 young (1024K), 0 survivors (0K)
 Metaspace       used 62890K, committed 63936K, reserved 1114112K
  class space    used 7953K, committed 8320K, reserved 1048576K
}
Event: 3707.155 GC heap after
{Heap after GC invocations=332 (full 312):
 garbage-first heap   total 116736K, used 41039K [0x00000000c0000000, 0x0000000100000000)
  region size 1024K, 0 young (0K), 0 survivors (0K)
 Metaspace       used 62890K, committed 63936K, reserved 1114112K
  class space    used 7953K, committed 8320K, reserved 1048576K
}
Event: 3717.404 GC heap before
{Heap before GC invocations=332 (full 312):
 garbage-first heap   total 116736K, used 41039K [0x00000000c0000000, 0x0000000100000000)
  region size 1024K, 1 young (1024K), 0 survivors (0K)
 Metaspace       used 62890K, committed 63936K, reserved 1114112K
  class space    used 7953K, committed 8320K, reserved 1048576K
}
Event: 3717.455 GC heap after
{Heap after GC invocations=333 (full 313):
 garbage-first heap   total 116736K, used 41039K [0x00000000c0000000, 0x0000000100000000)
  region size 1024K, 0 young (0K), 0 survivors (0K)
 Metaspace       used 62890K, committed 63936K, reserved 1114112K
  class space    used 7953K, committed 8320K, reserved 1048576K
}
Event: 3727.659 GC heap before
{Heap before GC invocations=333 (full 313):
 garbage-first heap   total 116736K, used 41039K [0x00000000c0000000, 0x0000000100000000)
  region size 1024K, 1 young (1024K), 0 survivors (0K)
 Metaspace       used 62890K, committed 63936K, reserved 1114112K
  class space    used 7953K, committed 8320K, reserved 1048576K
}
Event: 3727.694 GC heap after
{Heap after GC invocations=334 (full 314):
 garbage-first heap   total 116736K, used 41039K [0x00000000c0000000, 0x0000000100000000)
  region size 1024K, 0 young (0K), 0 survivors (0K)
 Metaspace       used 62890K, committed 63936K, reserved 1114112K
  class space    used 7953K, committed 8320K, reserved 1048576K
}
Event: 3737.730 GC heap before
{Heap before GC invocations=334 (full 314):
 garbage-first heap   total 116736K, used 41039K [0x00000000c0000000, 0x0000000100000000)
  region size 1024K, 1 young (1024K), 0 survivors (0K)
 Metaspace       used 62890K, committed 63936K, reserved 1114112K
  class space    used 7953K, committed 8320K, reserved 1048576K
}

Dll operation events (11 events):
Event: 0.014 Loaded shared library c:\Users\usuario\.vscode-insiders\extensions\redhat.java-1.34.2024081608-win32-x64\jre\17.0.12-win32-x86_64\bin\java.dll
Event: 0.202 Loaded shared library C:\Users\usuario\.vscode-insiders\extensions\redhat.java-1.34.2024081608-win32-x64\jre\17.0.12-win32-x86_64\bin\net.dll
Event: 0.212 Loaded shared library C:\Users\usuario\.vscode-insiders\extensions\redhat.java-1.34.2024081608-win32-x64\jre\17.0.12-win32-x86_64\bin\nio.dll
Event: 0.229 Loaded shared library C:\Users\usuario\.vscode-insiders\extensions\redhat.java-1.34.2024081608-win32-x64\jre\17.0.12-win32-x86_64\bin\zip.dll
Event: 1.314 Loaded shared library C:\Users\usuario\.vscode-insiders\extensions\redhat.java-1.34.2024081608-win32-x64\jre\17.0.12-win32-x86_64\bin\jimage.dll
Event: 2.798 Loaded shared library c:\Users\usuario\.vscode-insiders\extensions\redhat.java-1.34.2024081608-win32-x64\jre\17.0.12-win32-x86_64\bin\verify.dll
Event: 4.662 Loaded shared library C:\Users\usuario\.vscode-insiders\extensions\redhat.java-1.34.2024081608-win32-x64\jre\17.0.12-win32-x86_64\bin\management.dll
Event: 4.666 Loaded shared library C:\Users\usuario\.vscode-insiders\extensions\redhat.java-1.34.2024081608-win32-x64\jre\17.0.12-win32-x86_64\bin\management_ext.dll
Event: 5.824 Loaded shared library C:\Users\usuario\.vscode-insiders\extensions\redhat.java-1.34.2024081608-win32-x64\jre\17.0.12-win32-x86_64\bin\sunmscapi.dll
Event: 5.874 Loaded shared library C:\Users\usuario\.vscode-insiders\extensions\redhat.java-1.34.2024081608-win32-x64\jre\17.0.12-win32-x86_64\bin\extnet.dll
Event: 90.897 Loaded shared library C:\Users\usuario\.vscode-insiders\extensions\redhat.java-1.34.2024081608-win32-x64\jre\17.0.12-win32-x86_64\bin\rmi.dll

Deoptimization events (18 events):
Event: 4.939 Thread 0x0000012f322d1280 DEOPT PACKING pc=0x0000012f2408ee01 sp=0x0000002cab1fe050
Event: 4.939 Thread 0x0000012f322d1280 DEOPT UNPACKING pc=0x0000012f23c37143 sp=0x0000002cab1fd4e0 mode 3
Event: 4.958 Thread 0x0000012f322cf930 DEOPT PACKING pc=0x0000012f24070e97 sp=0x0000002cab2ff1f0
Event: 4.958 Thread 0x0000012f322cf930 DEOPT UNPACKING pc=0x0000012f23c37143 sp=0x0000002cab2fe648 mode 3
Event: 5.713 Thread 0x0000012f32d947b0 DEOPT PACKING pc=0x0000012f23f6db8c sp=0x0000002cac1fa7a0
Event: 5.713 Thread 0x0000012f32d947b0 DEOPT UNPACKING pc=0x0000012f23c37143 sp=0x0000002cac1f9c68 mode 0
Event: 6.329 Thread 0x0000012f32d93880 DEOPT PACKING pc=0x0000012f2419c424 sp=0x0000002cabafefe0
Event: 6.329 Thread 0x0000012f32d93880 DEOPT UNPACKING pc=0x0000012f23c37143 sp=0x0000002cabafe4c8 mode 0
Event: 6.329 Thread 0x0000012f32d96b20 DEOPT PACKING pc=0x0000012f2419c424 sp=0x0000002cabbff160
Event: 6.329 Thread 0x0000012f32d96b20 DEOPT UNPACKING pc=0x0000012f23c37143 sp=0x0000002cabbfe648 mode 0
Event: 114.708 Thread 0x0000012f322d0d70 DEOPT PACKING pc=0x0000012f23d2448c sp=0x0000002cab7fe680
Event: 114.708 Thread 0x0000012f322d0d70 DEOPT UNPACKING pc=0x0000012f23c37143 sp=0x0000002cab7fdc00 mode 0
Event: 114.708 Thread 0x0000012f322d0d70 DEOPT PACKING pc=0x0000012f23d2448c sp=0x0000002cab7fe8e0
Event: 114.708 Thread 0x0000012f322d0d70 DEOPT UNPACKING pc=0x0000012f23c37143 sp=0x0000002cab7fde60 mode 0
Event: 114.708 Thread 0x0000012f322d0d70 DEOPT PACKING pc=0x0000012f23d2448c sp=0x0000002cab7fed60
Event: 114.708 Thread 0x0000012f322d0d70 DEOPT UNPACKING pc=0x0000012f23c37143 sp=0x0000002cab7fe2e0 mode 0
Event: 287.314 Thread 0x0000012f322d1280 DEOPT PACKING pc=0x0000012f24570fd4 sp=0x0000002cab1ff320
Event: 287.315 Thread 0x0000012f322d1280 DEOPT UNPACKING pc=0x0000012f23c37143 sp=0x0000002cab1fe7a8 mode 0

Classes loaded (20 events):
Event: 114.654 Loading class java/util/stream/Node$Builder$OfInt done
Event: 114.654 Loading class java/util/stream/Nodes$IntArrayNode
Event: 114.654 Loading class java/util/stream/Nodes$IntArrayNode done
Event: 114.654 Loading class java/util/stream/Nodes$IntFixedNodeBuilder done
Event: 114.709 Loading class java/io/FileOutputStream$1
Event: 114.709 Loading class java/io/FileOutputStream$1 done
Event: 125.224 Loading class java/util/logging/LogRecord
Event: 125.226 Loading class java/util/logging/LogRecord done
Event: 184.818 Loading class java/lang/ProcessBuilder
Event: 184.849 Loading class java/lang/ProcessBuilder done
Event: 184.850 Loading class java/lang/ProcessImpl
Event: 184.859 Loading class java/lang/ProcessImpl done
Event: 184.898 Loading class java/lang/ProcessImpl$2
Event: 184.899 Loading class java/lang/ProcessImpl$2 done
Event: 184.899 Loading class java/lang/Process$PipeInputStream
Event: 184.901 Loading class java/lang/Process$PipeInputStream done
Event: 184.922 Loading class jdk/internal/event/ProcessStartEvent
Event: 184.924 Loading class jdk/internal/event/ProcessStartEvent done
Event: 390.986 Loading class java/rmi/UnmarshalException
Event: 390.993 Loading class java/rmi/UnmarshalException done

Classes unloaded (20 events):
Event: 216.078 Thread 0x0000012f2c9850d0 Unloading class 0x0000000100598400 'java/lang/invoke/LambdaForm$MH+0x0000000100598400'
Event: 216.078 Thread 0x0000012f2c9850d0 Unloading class 0x0000000100598000 'java/lang/invoke/LambdaForm$MH+0x0000000100598000'
Event: 216.078 Thread 0x0000012f2c9850d0 Unloading class 0x000000010008cc00 'java/lang/invoke/LambdaForm$MH+0x000000010008cc00'
Event: 216.078 Thread 0x0000012f2c9850d0 Unloading class 0x000000010008c800 'java/lang/invoke/LambdaForm$MH+0x000000010008c800'
Event: 216.078 Thread 0x0000012f2c9850d0 Unloading class 0x000000010008c000 'java/lang/invoke/LambdaForm$MH+0x000000010008c000'
Event: 246.745 Thread 0x0000012f2c9850d0 Unloading class 0x0000000100825c00 'jdk/internal/reflect/GeneratedConstructorAccessor49'
Event: 256.940 Thread 0x0000012f2c9850d0 Unloading class 0x000000010082b400 'jdk/internal/reflect/GeneratedMethodAccessor20'
Event: 256.940 Thread 0x0000012f2c9850d0 Unloading class 0x000000010082b000 'jdk/internal/reflect/GeneratedConstructorAccessor55'
Event: 256.940 Thread 0x0000012f2c9850d0 Unloading class 0x000000010082ac00 'jdk/internal/reflect/GeneratedMethodAccessor19'
Event: 256.940 Thread 0x0000012f2c9850d0 Unloading class 0x000000010082a800 'jdk/internal/reflect/GeneratedConstructorAccessor54'
Event: 256.940 Thread 0x0000012f2c9850d0 Unloading class 0x000000010082a400 'jdk/internal/reflect/GeneratedMethodAccessor18'
Event: 256.940 Thread 0x0000012f2c9850d0 Unloading class 0x000000010082a000 'jdk/internal/reflect/GeneratedMethodAccessor17'
Event: 256.940 Thread 0x0000012f2c9850d0 Unloading class 0x0000000100829c00 'jdk/internal/reflect/GeneratedMethodAccessor16'
Event: 256.940 Thread 0x0000012f2c9850d0 Unloading class 0x000000010008e800 'java/lang/invoke/LambdaForm$MH+0x000000010008e800'
Event: 256.940 Thread 0x0000012f2c9850d0 Unloading class 0x000000010008e400 'java/lang/invoke/LambdaForm$MH+0x000000010008e400'
Event: 256.940 Thread 0x0000012f2c9850d0 Unloading class 0x000000010008e000 'java/lang/invoke/LambdaForm$MH+0x000000010008e000'
Event: 256.940 Thread 0x0000012f2c9850d0 Unloading class 0x000000010008dc00 'java/lang/invoke/LambdaForm$MH+0x000000010008dc00'
Event: 256.940 Thread 0x0000012f2c9850d0 Unloading class 0x000000010008d800 'java/lang/invoke/LambdaForm$MH+0x000000010008d800'
Event: 256.940 Thread 0x0000012f2c9850d0 Unloading class 0x000000010008d400 'java/lang/invoke/LambdaForm$MH+0x000000010008d400'
Event: 256.940 Thread 0x0000012f2c9850d0 Unloading class 0x000000010008bc00 'java/lang/invoke/LambdaForm$MH+0x000000010008bc00'

Classes redefined (0 events):
No events

Internal exceptions (20 events):
Event: 94.059 Thread 0x0000012f32d956e0 Exception <a 'java/lang/InterruptedException'{0x00000000c62f8ff8}: sleep interrupted> (0x00000000c62f8ff8) 
thrown [s\src\hotspot\share\prims\jvm.cpp, line 3064]
Event: 100.882 Thread 0x0000012f32d947b0 Exception <a 'java/net/ConnectException'{0x00000000c896a880}: Connection refused: connect> (0x00000000c896a880) 
thrown [s\src\hotspot\share\prims\jni.cpp, line 535]
Event: 100.882 Thread 0x0000012f32d947b0 Exception <a 'java/net/SocketException'{0x00000000c896abb8}: Socket is not connected: shutdown> (0x00000000c896abb8) 
thrown [s\src\hotspot\share\prims\jni.cpp, line 535]
Event: 100.916 Thread 0x0000012f32d93880 Exception <a 'java/lang/ArrayIndexOutOfBoundsException'{0x00000000c8889638}: Index 8 out of bounds for length 8> (0x00000000c8889638) 
thrown [s\src\hotspot\share\interpreter\interpreterRuntime.cpp, line 428]
Event: 184.886 Thread 0x0000012f322d26c0 Exception <a 'java/lang/NoSuchMethodError'{0x00000000c6fa2c88}: 'void java.lang.invoke.DirectMethodHandle$Holder.invokeStatic(java.lang.Object, long)'> (0x00000000c6fa2c88) 
thrown [s\src\hotspot\share\interpreter\linkResolver.cpp, line 759]
Event: 184.896 Thread 0x0000012f322d26c0 Exception <a 'java/lang/NoSuchMethodError'{0x00000000c6c96190}: 'java.lang.Object java.lang.invoke.DirectMethodHandle$Holder.newInvokeSpecial(java.lang.Object, long)'> (0x00000000c6c96190) 
thrown [s\src\hotspot\share\interpreter\linkResolver.cpp, line 759]
Event: 280.892 Thread 0x0000012f32d947b0 Exception <a 'java/net/ConnectException'{0x00000000c88052b0}: Connection refused: connect> (0x00000000c88052b0) 
thrown [s\src\hotspot\share\prims\jni.cpp, line 535]
Event: 280.893 Thread 0x0000012f32d947b0 Exception <a 'java/net/SocketException'{0x00000000c88055e8}: Socket is not connected: shutdown> (0x00000000c88055e8) 
thrown [s\src\hotspot\share\prims\jni.cpp, line 535]
Event: 390.984 Thread 0x0000012f32d947b0 Exception <a 'java/net/ConnectException'{0x00000000c7104458}: Connection refused: connect> (0x00000000c7104458) 
thrown [s\src\hotspot\share\prims\jni.cpp, line 535]
Event: 390.984 Thread 0x0000012f32d947b0 Exception <a 'java/net/SocketException'{0x00000000c7104790}: Socket is not connected: shutdown> (0x00000000c7104790) 
thrown [s\src\hotspot\share\prims\jni.cpp, line 535]
Event: 390.994 Thread 0x0000012f32d947b0 Exception <a 'java/net/ConnectException'{0x00000000c71053b0}: Connection refused: connect> (0x00000000c71053b0) 
thrown [s\src\hotspot\share\prims\jni.cpp, line 535]
Event: 390.994 Thread 0x0000012f32d947b0 Exception <a 'java/net/SocketException'{0x00000000c71056e8}: Socket is not connected: shutdown> (0x00000000c71056e8) 
thrown [s\src\hotspot\share\prims\jni.cpp, line 535]
Event: 390.999 Thread 0x0000012f32d947b0 Exception <a 'java/net/ConnectException'{0x00000000c7106290}: Connection refused: connect> (0x00000000c7106290) 
thrown [s\src\hotspot\share\prims\jni.cpp, line 535]
Event: 390.999 Thread 0x0000012f32d947b0 Exception <a 'java/net/SocketException'{0x00000000c71065c8}: Socket is not connected: shutdown> (0x00000000c71065c8) 
thrown [s\src\hotspot\share\prims\jni.cpp, line 535]
Event: 390.999 Thread 0x0000012f32d947b0 Exception <a 'java/net/ConnectException'{0x00000000c7107160}: Connection refused: connect> (0x00000000c7107160) 
thrown [s\src\hotspot\share\prims\jni.cpp, line 535]
Event: 390.999 Thread 0x0000012f32d947b0 Exception <a 'java/net/SocketException'{0x00000000c7107498}: Socket is not connected: shutdown> (0x00000000c7107498) 
thrown [s\src\hotspot\share\prims\jni.cpp, line 535]
Event: 392.003 Thread 0x0000012f32d947b0 Exception <a 'java/net/ConnectException'{0x00000000c7108040}: Connection refused: connect> (0x00000000c7108040) 
thrown [s\src\hotspot\share\prims\jni.cpp, line 535]
Event: 392.003 Thread 0x0000012f32d947b0 Exception <a 'java/net/SocketException'{0x00000000c7108378}: Socket is not connected: shutdown> (0x00000000c7108378) 
thrown [s\src\hotspot\share\prims\jni.cpp, line 535]
Event: 392.004 Thread 0x0000012f32d947b0 Exception <a 'java/net/ConnectException'{0x00000000c7108f10}: Connection refused: connect> (0x00000000c7108f10) 
thrown [s\src\hotspot\share\prims\jni.cpp, line 535]
Event: 392.004 Thread 0x0000012f32d947b0 Exception <a 'java/net/SocketException'{0x00000000c7109248}: Socket is not connected: shutdown> (0x00000000c7109248) 
thrown [s\src\hotspot\share\prims\jni.cpp, line 535]

VM Operations (20 events):
Event: 3635.722 Executing VM operation: G1CollectFull done
Event: 3645.887 Executing VM operation: G1CollectFull
Event: 3645.921 Executing VM operation: G1CollectFull done
Event: 3656.088 Executing VM operation: G1CollectFull
Event: 3656.134 Executing VM operation: G1CollectFull done
Event: 3666.338 Executing VM operation: G1CollectFull
Event: 3666.379 Executing VM operation: G1CollectFull done
Event: 3676.540 Executing VM operation: G1CollectFull
Event: 3676.573 Executing VM operation: G1CollectFull done
Event: 3686.721 Executing VM operation: G1CollectFull
Event: 3686.756 Executing VM operation: G1CollectFull done
Event: 3696.919 Executing VM operation: G1CollectFull
Event: 3696.951 Executing VM operation: G1CollectFull done
Event: 3707.120 Executing VM operation: G1CollectFull
Event: 3707.155 Executing VM operation: G1CollectFull done
Event: 3717.404 Executing VM operation: G1CollectFull
Event: 3717.455 Executing VM operation: G1CollectFull done
Event: 3727.659 Executing VM operation: G1CollectFull
Event: 3727.694 Executing VM operation: G1CollectFull done
Event: 3737.730 Executing VM operation: G1CollectFull

Events (20 events):
Event: 1608.706 Thread 0x0000012f335cedd0 Thread added: 0x0000012f335cedd0
Event: 1608.710 Thread 0x0000012f335d0720 Thread added: 0x0000012f335d0720
Event: 1668.733 Thread 0x0000012f335d0720 Thread exited: 0x0000012f335d0720
Event: 1697.882 Thread 0x0000012f335cedd0 Thread exited: 0x0000012f335cedd0
Event: 1870.163 Thread 0x0000012f335cdea0 Thread added: 0x0000012f335cdea0
Event: 1870.178 Thread 0x0000012f335cedd0 Thread added: 0x0000012f335cedd0
Event: 1930.338 Thread 0x0000012f335cdea0 Thread exited: 0x0000012f335cdea0
Event: 1930.339 Thread 0x0000012f335cedd0 Thread exited: 0x0000012f335cedd0
Event: 2286.460 Thread 0x0000012f335ce3b0 Thread added: 0x0000012f335ce3b0
Event: 2286.483 Thread 0x0000012f335cdea0 Thread added: 0x0000012f335cdea0
Event: 2288.080 Thread 0x0000012f335cedd0 Thread added: 0x0000012f335cedd0
Event: 2288.117 Thread 0x0000012f335cf2e0 Thread added: 0x0000012f335cf2e0
Event: 2348.124 Thread 0x0000012f335cf2e0 Thread exited: 0x0000012f335cf2e0
Event: 2348.260 Thread 0x0000012f335cdea0 Thread exited: 0x0000012f335cdea0
Event: 2354.621 Thread 0x0000012f335cedd0 Thread exited: 0x0000012f335cedd0
Event: 2355.884 Thread 0x0000012f335ce3b0 Thread exited: 0x0000012f335ce3b0
Event: 2370.051 Thread 0x0000012f335cf7f0 Thread added: 0x0000012f335cf7f0
Event: 2370.055 Thread 0x0000012f335cdea0 Thread added: 0x0000012f335cdea0
Event: 2430.078 Thread 0x0000012f335cf7f0 Thread exited: 0x0000012f335cf7f0
Event: 2430.078 Thread 0x0000012f335cdea0 Thread exited: 0x0000012f335cdea0


Dynamic libraries:
0x00007ff613190000 - 0x00007ff61319e000 	c:\Users\usuario\.vscode-insiders\extensions\redhat.java-1.34.2024081608-win32-x64\jre\17.0.12-win32-x86_64\bin\java.exe
0x00007ffd94cd0000 - 0x00007ffd94ee7000 	C:\Windows\SYSTEM32\ntdll.dll
0x00007ffd93c30000 - 0x00007ffd93cf4000 	C:\Windows\System32\KERNEL32.DLL
0x00007ffd921b0000 - 0x00007ffd9255d000 	C:\Windows\System32\KERNELBASE.dll
0x00007ffd92560000 - 0x00007ffd92671000 	C:\Windows\System32\ucrtbase.dll
0x00007ffd7a5a0000 - 0x00007ffd7a5b7000 	c:\Users\usuario\.vscode-insiders\extensions\redhat.java-1.34.2024081608-win32-x64\jre\17.0.12-win32-x86_64\bin\jli.dll
0x00007ffd92ab0000 - 0x00007ffd92c5e000 	C:\Windows\System32\USER32.dll
0x00007ffd797e0000 - 0x00007ffd797fb000 	c:\Users\usuario\.vscode-insiders\extensions\redhat.java-1.34.2024081608-win32-x64\jre\17.0.12-win32-x86_64\bin\VCRUNTIME140.dll
0x00007ffd92180000 - 0x00007ffd921a6000 	C:\Windows\System32\win32u.dll
0x00007ffd94390000 - 0x00007ffd943b9000 	C:\Windows\System32\GDI32.dll
0x00007ffd803e0000 - 0x00007ffd80673000 	C:\Windows\WinSxS\amd64_microsoft.windows.common-controls_6595b64144ccf1df_6.0.22621.3672_none_2713b9d173822955\COMCTL32.dll
0x00007ffd93290000 - 0x00007ffd93337000 	C:\Windows\System32\msvcrt.dll
0x00007ffd92680000 - 0x00007ffd92799000 	C:\Windows\System32\gdi32full.dll
0x00007ffd91ff0000 - 0x00007ffd9208a000 	C:\Windows\System32\msvcp_win.dll
0x00007ffd943c0000 - 0x00007ffd943f1000 	C:\Windows\System32\IMM32.DLL
0x00007ffd846e0000 - 0x00007ffd846ec000 	c:\Users\usuario\.vscode-insiders\extensions\redhat.java-1.34.2024081608-win32-x64\jre\17.0.12-win32-x86_64\bin\vcruntime140_1.dll
0x00007ffd51d70000 - 0x00007ffd51dfd000 	c:\Users\usuario\.vscode-insiders\extensions\redhat.java-1.34.2024081608-win32-x64\jre\17.0.12-win32-x86_64\bin\msvcp140.dll
0x00007ffce5cb0000 - 0x00007ffce691a000 	c:\Users\usuario\.vscode-insiders\extensions\redhat.java-1.34.2024081608-win32-x64\jre\17.0.12-win32-x86_64\bin\server\jvm.dll
0x00007ffd942d0000 - 0x00007ffd94382000 	C:\Windows\System32\ADVAPI32.dll
0x00007ffd92a00000 - 0x00007ffd92aa9000 	C:\Windows\System32\sechost.dll
0x00007ffd927a0000 - 0x00007ffd927c8000 	C:\Windows\System32\bcrypt.dll
0x00007ffd93480000 - 0x00007ffd93594000 	C:\Windows\System32\RPCRT4.dll
0x00007ffd93050000 - 0x00007ffd930c1000 	C:\Windows\System32\WS2_32.dll
0x00007ffd8d2a0000 - 0x00007ffd8d2d4000 	C:\Windows\SYSTEM32\WINMM.dll
0x00007ffd91eb0000 - 0x00007ffd91efd000 	C:\Windows\SYSTEM32\POWRPROF.dll
0x00007ffd8c000000 - 0x00007ffd8c00a000 	C:\Windows\SYSTEM32\VERSION.dll
0x00007ffd91e90000 - 0x00007ffd91ea3000 	C:\Windows\SYSTEM32\UMPDC.dll
0x00007ffd90fe0000 - 0x00007ffd90ff8000 	C:\Windows\SYSTEM32\kernel.appcore.dll
0x00007ffd845f0000 - 0x00007ffd845fa000 	c:\Users\usuario\.vscode-insiders\extensions\redhat.java-1.34.2024081608-win32-x64\jre\17.0.12-win32-x86_64\bin\jimage.dll
0x00007ffd8f980000 - 0x00007ffd8fbb2000 	C:\Windows\SYSTEM32\DBGHELP.DLL
0x00007ffd92c60000 - 0x00007ffd92fed000 	C:\Windows\System32\combase.dll
0x00007ffd937e0000 - 0x00007ffd938b7000 	C:\Windows\System32\OLEAUT32.dll
0x00007ffd892b0000 - 0x00007ffd892e2000 	C:\Windows\SYSTEM32\dbgcore.DLL
0x00007ffd92090000 - 0x00007ffd9210b000 	C:\Windows\System32\bcryptPrimitives.dll
0x00007ffd770f0000 - 0x00007ffd77115000 	c:\Users\usuario\.vscode-insiders\extensions\redhat.java-1.34.2024081608-win32-x64\jre\17.0.12-win32-x86_64\bin\java.dll
0x00007ffd755e0000 - 0x00007ffd755f8000 	c:\Users\usuario\.vscode-insiders\extensions\redhat.java-1.34.2024081608-win32-x64\jre\17.0.12-win32-x86_64\bin\zip.dll
0x00007ffd94400000 - 0x00007ffd94c68000 	C:\Windows\System32\SHELL32.dll
0x00007ffd8fef0000 - 0x00007ffd907ee000 	C:\Windows\SYSTEM32\windows.storage.dll
0x00007ffd8fdb0000 - 0x00007ffd8feef000 	C:\Windows\SYSTEM32\wintypes.dll
0x00007ffd938c0000 - 0x00007ffd939b9000 	C:\Windows\System32\SHCORE.dll
0x00007ffd93420000 - 0x00007ffd9347e000 	C:\Windows\System32\shlwapi.dll
0x00007ffd91f20000 - 0x00007ffd91f41000 	C:\Windows\SYSTEM32\profapi.dll
0x00007ffd78730000 - 0x00007ffd78749000 	C:\Users\usuario\.vscode-insiders\extensions\redhat.java-1.34.2024081608-win32-x64\jre\17.0.12-win32-x86_64\bin\net.dll
0x00007ffd8e450000 - 0x00007ffd8e586000 	C:\Windows\SYSTEM32\WINHTTP.dll
0x00007ffd91450000 - 0x00007ffd914b9000 	C:\Windows\system32\mswsock.dll
0x00007ffd75080000 - 0x00007ffd75096000 	C:\Users\usuario\.vscode-insiders\extensions\redhat.java-1.34.2024081608-win32-x64\jre\17.0.12-win32-x86_64\bin\nio.dll
0x00007ffd81e30000 - 0x00007ffd81e40000 	c:\Users\usuario\.vscode-insiders\extensions\redhat.java-1.34.2024081608-win32-x64\jre\17.0.12-win32-x86_64\bin\verify.dll
0x00007ffd916d0000 - 0x00007ffd916eb000 	C:\Windows\SYSTEM32\CRYPTSP.dll
0x00007ffd90f40000 - 0x00007ffd90f75000 	C:\Windows\system32\rsaenh.dll
0x00007ffd91530000 - 0x00007ffd91558000 	C:\Windows\SYSTEM32\USERENV.dll
0x00007ffd916f0000 - 0x00007ffd916fc000 	C:\Windows\SYSTEM32\CRYPTBASE.dll
0x00007ffd90a50000 - 0x00007ffd90a7d000 	C:\Windows\SYSTEM32\IPHLPAPI.DLL
0x00007ffd939c0000 - 0x00007ffd939c9000 	C:\Windows\System32\NSI.dll
0x00007ffd8e360000 - 0x00007ffd8e379000 	C:\Windows\SYSTEM32\dhcpcsvc6.DLL
0x00007ffd8e340000 - 0x00007ffd8e35f000 	C:\Windows\SYSTEM32\dhcpcsvc.DLL
0x00007ffd90ac0000 - 0x00007ffd90bb8000 	C:\Windows\SYSTEM32\DNSAPI.dll
0x00007ffd8d570000 - 0x00007ffd8d579000 	C:\Users\usuario\.vscode-insiders\extensions\redhat.java-1.34.2024081608-win32-x64\jre\17.0.12-win32-x86_64\bin\management.dll
0x00007ffd892f0000 - 0x00007ffd892fb000 	C:\Users\usuario\.vscode-insiders\extensions\redhat.java-1.34.2024081608-win32-x64\jre\17.0.12-win32-x86_64\bin\management_ext.dll
0x00007ffd93280000 - 0x00007ffd93288000 	C:\Windows\System32\PSAPI.DLL
0x00007ffd81d80000 - 0x00007ffd81d8e000 	C:\Users\usuario\.vscode-insiders\extensions\redhat.java-1.34.2024081608-win32-x64\jre\17.0.12-win32-x86_64\bin\sunmscapi.dll
0x00007ffd927d0000 - 0x00007ffd92937000 	C:\Windows\System32\CRYPT32.dll
0x00007ffd918b0000 - 0x00007ffd918de000 	C:\Windows\SYSTEM32\ncrypt.dll
0x00007ffd91870000 - 0x00007ffd918a7000 	C:\Windows\SYSTEM32\NTASN1.dll
0x00007ffd78fa0000 - 0x00007ffd78fa8000 	C:\Windows\system32\wshunix.dll
0x00007ffd81480000 - 0x00007ffd81489000 	C:\Users\usuario\.vscode-insiders\extensions\redhat.java-1.34.2024081608-win32-x64\jre\17.0.12-win32-x86_64\bin\extnet.dll
0x00007ffd8d1f0000 - 0x00007ffd8d1fa000 	C:\Windows\System32\rasadhlp.dll
0x00007ffd8d300000 - 0x00007ffd8d383000 	C:\Windows\System32\fwpuclnt.dll
0x00007ffcf92b0000 - 0x00007ffcf92c7000 	C:\Windows\system32\napinsp.dll
0x00007ffcf9290000 - 0x00007ffcf92ab000 	C:\Windows\system32\pnrpnsp.dll
0x00007ffcf9270000 - 0x00007ffcf9281000 	C:\Windows\System32\winrnr.dll
0x00007ffd62b80000 - 0x00007ffd62b95000 	C:\Windows\system32\wshbth.dll
0x00007ffd3b360000 - 0x00007ffd3b387000 	C:\Windows\system32\nlansp_c.dll
0x00007ffd8d510000 - 0x00007ffd8d517000 	C:\Users\usuario\.vscode-insiders\extensions\redhat.java-1.34.2024081608-win32-x64\jre\17.0.12-win32-x86_64\bin\rmi.dll

dbghelp: loaded successfully - version: 4.0.5 - missing functions: none
symbol engine: initialized successfully - sym options: 0x614 - pdb path: .;c:\Users\usuario\.vscode-insiders\extensions\redhat.java-1.34.2024081608-win32-x64\jre\17.0.12-win32-x86_64\bin;C:\Windows\SYSTEM32;C:\Windows\WinSxS\amd64_microsoft.windows.common-controls_6595b64144ccf1df_6.0.22621.3672_none_2713b9d173822955;c:\Users\usuario\.vscode-insiders\extensions\redhat.java-1.34.2024081608-win32-x64\jre\17.0.12-win32-x86_64\bin\server

VM Arguments:
jvm_args: -Xmx1024m -Dsts.lsp.client=vscode -Dsts.log.file=/dev/null -XX:TieredStopAtLevel=1 -Xlog:jni+resolve=off 
java_command: c:\Users\usuario\.vscode-insiders\extensions\vmware.vscode-spring-boot-1.57.2024082000\language-server\spring-boot-language-server-1.57.0-SNAPSHOT-exec.jar
java_class_path (initial): c:\Users\usuario\.vscode-insiders\extensions\vmware.vscode-spring-boot-1.57.2024082000\language-server\spring-boot-language-server-1.57.0-SNAPSHOT-exec.jar
Launcher Type: SUN_STANDARD

[Global flags]
     intx CICompilerCount                          = 4                                         {product} {ergonomic}
     uint ConcGCThreads                            = 3                                         {product} {ergonomic}
     uint G1ConcRefinementThreads                  = 10                                        {product} {ergonomic}
   size_t G1HeapRegionSize                         = 1048576                                   {product} {ergonomic}
    uintx GCDrainStackTargetSize                   = 64                                        {product} {ergonomic}
   size_t InitialHeapSize                          = 121634816                                 {product} {ergonomic}
   size_t MarkStackSize                            = 4194304                                   {product} {ergonomic}
   size_t MaxHeapSize                              = 1073741824                                {product} {command line}
   size_t MaxNewSize                               = 643825664                                 {product} {ergonomic}
   size_t MinHeapDeltaBytes                        = 1048576                                   {product} {ergonomic}
   size_t MinHeapSize                              = 8388608                                   {product} {ergonomic}
    uintx NonProfiledCodeHeapSize                  = 0                                      {pd product} {ergonomic}
     bool ProfileInterpreter                       = false                                  {pd product} {command line}
    uintx ProfiledCodeHeapSize                     = 0                                      {pd product} {ergonomic}
   size_t SoftMaxHeapSize                          = 1073741824                             {manageable} {ergonomic}
     intx TieredStopAtLevel                        = 1                                         {product} {command line}
     bool UseCompressedClassPointers               = true                           {product lp64_product} {ergonomic}
     bool UseCompressedOops                        = true                           {product lp64_product} {ergonomic}
     bool UseG1GC                                  = true                                      {product} {ergonomic}
     bool UseLargePagesIndividualAllocation        = false                                  {pd product} {ergonomic}

Logging:
Log output configuration:
 #0: stdout all=warning,jni+resolve=off uptime,level,tags
 #1: stderr all=off uptime,level,tags

Environment Variables:
JAVA_HOME=C:\Program Files\Java\jdk-21
PATH=C:\Program Files\Java\jdk-21\bin;C:\Program Files\Common Files\Oracle\Java\javapath;C:\Windows\system32;C:\Windows;C:\Windows\System32\Wbem;C:\Windows\System32\WindowsPowerShell\v1.0\;C:\Windows\System32\OpenSSH\;C:\Program Files (x86)\NVIDIA Corporation\PhysX\Common;C:\Program Files\NVIDIA Corporation\NVIDIA NvDLISR;C:\Program Files\Git\cmd;C:\Maven\apache-maven-3.9.9\bin;C:\Users\usuario\AppData\Local\Microsoft\WindowsApps;C:\Users\usuario\AppData\Local\Programs\Microsoft VS Code\bin;C:\Users\usuario\AppData\Local\Programs\Microsoft VS Code Insiders\bin
USERNAME=usuario
OS=Windows_NT
PROCESSOR_IDENTIFIER=AMD64 Family 25 Model 68 Stepping 1, AuthenticAMD
TMP=C:\Users\usuario\AppData\Local\Temp
TEMP=C:\Users\usuario\AppData\Local\Temp



Periodic native trim disabled


---------------  S Y S T E M  ---------------

OS:
 Windows 11 , 64 bit Build 22621 (10.0.22621.3958)
OS uptime: 0 days 21:00 hours
Hyper-V role detected

CPU: total 12 (initial active 12) (12 cores per cpu, 2 threads per core) family 25 model 68 stepping 1 microcode 0x0, cx8, cmov, fxsr, ht, mmx, 3dnowpref, sse, sse2, sse3, ssse3, sse4a, sse4.1, sse4.2, popcnt, lzcnt, tsc, tscinvbit, avx, avx2, aes, erms, clmul, bmi1, bmi2, adx, sha, fma, vzeroupper, clflush, clflushopt, hv
Processor Information for all 12 processors :
  Max Mhz: 3301, Current Mhz: 3301, Mhz Limit: 3301

Memory: 4k page, system-wide physical 7365M (97M free)
TotalPageFile size 29893M (AvailPageFile size 4M)
current process WorkingSet (physical memory assigned to process): 68M, peak: 269M
current process commit charge ("private bytes"): 297M, peak: 338M

vm_info: OpenJDK 64-Bit Server VM (17.0.12+7) for windows-amd64 JRE (17.0.12+7), built on Jul 16 2024 22:08:24 by "admin" with MS VC++ 16.10 / 16.11 (VS2019)

END.
